*** Using Compiler 'V5.06 update 5 (build 528)', folder: 'E:\Keil5 MDK\ARM\ARMCC\Bin'
Rebuild target 'Target 1'
assembling startup_stm32f10x_md.s...
compiling stm32f10x_cec.c...
compiling stm32f10x_bkp.c...
compiling core_cm3.c...
compiling stm32f10x_dbgmcu.c...
compiling system_stm32f10x.c...
compiling stm32f10x_exti.c...
compiling misc.c...
compiling stm32f10x_flash.c...
compiling stm32f10x_crc.c...
compiling stm32f10x_dma.c...
compiling stm32f10x_dac.c...
compiling stm32f10x_adc.c...
compiling stm32f10x_can.c...
compiling stm32f10x_fsmc.c...
compiling stm32f10x_i2c.c...
compiling stm32f10x_gpio.c...
compiling stm32f10x_iwdg.c...
compiling stm32f10x_pwr.c...
compiling stm32f10x_sdio.c...
compiling stm32f10x_rtc.c...
compiling stm32f10x_rcc.c...
compiling stm32f10x_spi.c...
compiling KEY.c...
compiling stm32f10x_wwdg.c...
compiling Delay.c...
compiling LED.c...
compiling stm32f10x_tim.c...
compiling stm32f10x_usart.c...
compiling main.c...
.\Hardware\Seriol.h(17): warning:  #1-D: last line of file ends without a newline
  #endif
User\main.c(12): warning:  #223-D: function "LED_Init" declared implicitly
  	 LED_Init();
User\main.c(28): warning:  #223-D: function "LED_1_ON" declared implicitly
  			LED_1_ON();
User\main.c(34): warning:  #223-D: function "LED_1_OFF" declared implicitly
  			LED_1_OFF();
User\main.c(46): warning:  #1-D: last line of file ends without a newline
   
User\main.c: 5 warnings, 0 errors
compiling stm32f10x_it.c...
compiling Seriol.c...
Hardware\Seriol.c(122): warning:  #940-D: missing return statement at end of non-void function "Serial_GetRxFlag" 
  }
Hardware\Seriol.c: 1 warning, 0 errors
compiling OLED.c...
linking...
Program Size: Code=3156 RO-data=1788 RW-data=28 ZI-data=1124  
".\Objects\2-1 stm32¹¤³ÌÄ£°æ.axf" - 0 Error(s), 6 Warning(s).
Build Time Elapsed:  00:00:02
